2018-11-20 15:19:15,975 [1] INFO  - Соединение с службой WCF установлено
2018-11-20 15:19:16,220 [1] INFO  - Установлено соединение с базой данных [Database=agreement;Data Source=localhost;User Id=root;Password=admin;charset=cp1251]
2018-11-20 15:19:16,262 [1] INFO  - Загрузка AGREEMENT.xml в базу данных
2018-11-20 15:20:44,857 [1] INFO  - Соединение с службой WCF установлено
2018-11-20 15:20:45,143 [1] INFO  - Установлено соединение с базой данных [Database=agreement;Data Source=localhost;User Id=root;Password=admin;charset=cp1251]
2018-11-20 15:20:45,196 [1] INFO  - Загрузка AGREEMENT.xml в базу данных
2018-11-20 15:21:43,013 [1] INFO  - Соединение с службой WCF установлено
2018-11-20 15:21:43,238 [1] INFO  - Установлено соединение с базой данных [Database=agreement;Data Source=localhost;User Id=root;Password=admin;charset=cp1251]
2018-11-20 15:21:43,286 [1] INFO  - Загрузка AGREEMENT.xml в базу данных
2018-11-20 15:24:01,595 [1] INFO  - Соединение с службой WCF установлено
2018-11-20 15:24:01,816 [1] INFO  - Установлено соединение с базой данных [Database=agreement;Data Source=localhost;User Id=root;Password=admin;charset=cp1251]
2018-11-20 15:24:01,870 [1] INFO  - Загрузка AGREEMENT.xml в базу данных
2018-11-20 15:24:42,509 [1] INFO  - Соединение с службой WCF установлено
2018-11-20 15:24:43,231 [1] INFO  - Соединение с сервером WCF закрыто.
2018-11-20 15:25:15,180 [1] INFO  - Соединение с службой WCF установлено
2018-11-20 15:25:15,249 [1] INFO  - Установлено соединение с базой данных [Database=agreement;Data Source=localhost;User Id=root;Password=admin;charset=cp1251]
2018-11-20 15:25:15,287 [1] INFO  - Соединение закрыто.
2018-11-20 15:25:15,907 [1] INFO  - Соединение с сервером WCF закрыто.
2018-11-20 15:26:47,394 [1] INFO  - Соединение с службой WCF установлено
2018-11-20 15:26:48,341 [1] INFO  - Соединение с сервером WCF закрыто.
